Determining if the function pthread_create exists in the pthreads failed with the following output:
Change Dir: /home/farzanfarhangian/LTE-Cell-Scanner/build/CMakeFiles/CMakeTmp

Run Build Command(s):/usr/bin/gmake -f Makefile cmTC_aa79c/fast && /usr/bin/gmake  -f CMakeFiles/cmTC_aa79c.dir/build.make CMakeFiles/cmTC_aa79c.dir/build
gmake[1]: Entering directory '/home/farzanfarhangian/LTE-Cell-Scanner/build/CMakeFiles/CMakeTmp'
Building C object CMakeFiles/cmTC_aa79c.dir/CheckFunctionExists.c.o
/usr/bin/cc   -fopenmp -DCHECK_FUNCTION_EXISTS=pthread_create -o CMakeFiles/cmTC_aa79c.dir/CheckFunctionExists.c.o -c /usr/share/cmake-3.22/Modules/CheckFunctionExists.c
Linking C executable cmTC_aa79c
/usr/bin/cmake -E cmake_link_script CMakeFiles/cmTC_aa79c.dir/link.txt --verbose=1
/usr/bin/cc  -fopenmp -DCHECK_FUNCTION_EXISTS=pthread_create -rdynamic CMakeFiles/cmTC_aa79c.dir/CheckFunctionExists.c.o -o cmTC_aa79c  -lpthreads 
/usr/bin/ld: cannot find -lpthreads: No such file or directory
collect2: error: ld returned 1 exit status
gmake[1]: *** [CMakeFiles/cmTC_aa79c.dir/build.make:99: cmTC_aa79c] Error 1
gmake[1]: Leaving directory '/home/farzanfarhangian/LTE-Cell-Scanner/build/CMakeFiles/CMakeTmp'
gmake: *** [Makefile:127: cmTC_aa79c/fast] Error 2



Determining if the function sgemm_ exists failed with the following output:
Change Dir: /home/farzanfarhangian/LTE-Cell-Scanner/build/CMakeFiles/CMakeTmp

Run Build Command(s):/usr/bin/gmake -f Makefile cmTC_9523e/fast && /usr/bin/gmake  -f CMakeFiles/cmTC_9523e.dir/build.make CMakeFiles/cmTC_9523e.dir/build
gmake[1]: Entering directory '/home/farzanfarhangian/LTE-Cell-Scanner/build/CMakeFiles/CMakeTmp'
Building C object CMakeFiles/cmTC_9523e.dir/CheckFunctionExists.c.o
/usr/bin/cc   -fopenmp -DCHECK_FUNCTION_EXISTS=sgemm_ -o CMakeFiles/cmTC_9523e.dir/CheckFunctionExists.c.o -c /usr/share/cmake-3.22/Modules/CheckFunctionExists.c
Linking C executable cmTC_9523e
/usr/bin/cmake -E cmake_link_script CMakeFiles/cmTC_9523e.dir/link.txt --verbose=1
/usr/bin/cc  -fopenmp -DCHECK_FUNCTION_EXISTS=sgemm_ -rdynamic CMakeFiles/cmTC_9523e.dir/CheckFunctionExists.c.o -o cmTC_9523e 
/usr/bin/ld: CMakeFiles/cmTC_9523e.dir/CheckFunctionExists.c.o: in function `main':
CheckFunctionExists.c:(.text+0x14): undefined reference to `sgemm_'
collect2: error: ld returned 1 exit status
gmake[1]: *** [CMakeFiles/cmTC_9523e.dir/build.make:99: cmTC_9523e] Error 1
gmake[1]: Leaving directory '/home/farzanfarhangian/LTE-Cell-Scanner/build/CMakeFiles/CMakeTmp'
gmake: *** [Makefile:127: cmTC_9523e/fast] Error 2



